


ARM Macro Assembler    Page 1 


    1 00000000         ; Print.s
    2 00000000         ; Student names: Genki Oji and David Yu
    3 00000000         ; Last modification date: 3/28/16
    4 00000000         ; Runs on LM4F120 or TM4C123
    5 00000000         ; EE319K lab 7 device driver for any LCD
    6 00000000         ;
    7 00000000         ; As part of Lab 7, students need to implement these LCD
                       _OutDec and LCD_OutFix
    8 00000000         ; This driver assumes two low-level LCD functions
    9 00000000         ; ST7735_OutChar   outputs a single 8-bit ASCII characte
                       r
   10 00000000         ; ST7735_OutString outputs a null-terminated string 
   11 00000000         
   12 00000000                 IMPORT           ST7735_OutChar
   13 00000000                 IMPORT           ST7735_OutString
   14 00000000         
   15 00000000                 EXPORT           LCD_OutDec
   16 00000000                 EXPORT           LCD_OutFix
   17 00000000                 PRESERVE8
   18 00000000         
   19 00000000 00000000 
                       num     EQU              0
   20 00000000 00000004 
                       div     EQU              4
   21 00000000 00000008 
                       cnt     EQU              8
   22 00000000 00000008 
                       link    EQU              8
   23 00000000         
   24 00000000                 AREA             |.text|, CODE, READONLY, ALIGN=
2
   25 00000000                 THUMB
   26 00000000         
   27 00000000         
   28 00000000         
   29 00000000         ;-----------------------LCD_OutDec----------------------
                       -
   30 00000000         ; Output a 32-bit number in unsigned decimal format
   31 00000000         ; Input: R0 (call by value) 32-bit unsigned number
   32 00000000         ; Output: none
   33 00000000         ; Invariables: This function must not permanently modify
                        registers R4 to R11
   34 00000000         LCD_OutDec
   35 00000000 B510            PUSH             {R4, LR}
   36 00000002         
   37 00000002 B083            SUB              SP, #12
   38 00000004 466C            MOV              R4, SP
   39 00000006 6020            STR              R0, [R4, #num]
   40 00000008 F04F 0000       MOV              R0, #0
   41 0000000C 60A0            STR              R0, [R4, #cnt]
   42 0000000E F04F 000A       MOV              R0, #10
   43 00000012 6060            STR              R0, [R4, #div]
   44 00000014         
   45 00000014 6820            LDR              R0, [R4, #num]
   46 00000016 6862            LDR              R2, [R4, #div]
   47 00000018         
   48 00000018         ;LDR R4, SP
   49 00000018         loop                                 ;this loop is to st
                                                            ore least significa



ARM Macro Assembler    Page 2 


                                                            nt numbers first on
                                                            to stack
   50 00000018 F8D4 C008       LDR              R12,[R4,#cnt]
   51 0000001C FBB0 F3F2       UDIV             R3, R0, R2
   52 00000020 FB03 F102       MUL              R1, R3, R2
   53 00000024 EBA0 0101       SUB              R1, R0, R1  ;R1 is least signif
                                                            icant number
   54 00000028 B402            PUSH             {R1}        ;push LSB to MSB
   55 0000002A F10C 0C01       ADD              R12, #1     ;cnt++
   56 0000002E F8C4 C008       STR              R12, [R4, #cnt]
   57 00000032 0018            MOVS             R0, R3
   58 00000034 D1F0            BNE              loop
   59 00000036 F8D4 C008       LDR              R12, [R4, #cnt]
   60 0000003A         OUT_DEC                              ;this loop is to ou
                                                            tput the most signi
                                                            ficant numbers firs
                                                            t
   61 0000003A BC01            POP              {R0}
   62 0000003C F100 0030       ADD              R0, R0, #0x30 ;turn number into
                                                             ascii
   63 00000040 F7FF FFFE       BL               ST7735_OutChar
   64 00000044 F1BC 0C01       SUBS             R12, #1
   65 00000048 D1F7            BNE              OUT_DEC
   66 0000004A B003            ADD              SP, #12     ;Deallocate
   67 0000004C E8BD 4010       POP              {R4, LR}
   68 00000050 4770            BX               LR
   69 00000052         ;* * * * * * * * End of LCD_OutDec * * * * * * * *
   70 00000052         
   71 00000052         ; -----------------------LCD _OutFix--------------------
                       --
   72 00000052         ; Output characters to LCD display in fixed-point format
                       
   73 00000052         ; unsigned decimal, resolution 0.001, range 0.000 to 9.9
                       99
   74 00000052         ; Inputs:  R0 is an unsigned 32-bit number
   75 00000052         ; Outputs: none
   76 00000052         ; E.g., R0=0,    then output "0.000 "
   77 00000052         ;       R0=3,    then output "0.003 "
   78 00000052         ;       R0=89,   then output "0.089 "
   79 00000052         ;       R0=123,  then output "0.123 "
   80 00000052         ;       R0=9999, then output "9.999 "
   81 00000052         ;       R0>9999, then output "*.*** "
   82 00000052         ; Invariables: This function must not permanently modify
                        registers R4 to R11
   83 00000052         LCD_OutFix
   84 00000052 B082            SUB              SP, #8
   85 00000054 9000            STR              R0, [SP, #num]
   86 00000056 F44F 737A       MOV              R3, #1000
   87 0000005A 9301            STR              R3, [SP, #div]
   88 0000005C F04F 0C0A       MOV              R12, #10
   89 00000060 F8CD E008       STR              LR, [SP, #link]
   90 00000064         ;if R0 > 9999, output *.***
   91 00000064 F242 710F       MOV              R1, #9999
   92 00000068 4288            CMP              R0, R1
   93 0000006A D914            BLS              Valid_Num
   94 0000006C F04F 002A       MOV              R0, #0x2A   ;*
   95 00000070 F7FF FFFE       BL               ST7735_OutChar
   96 00000074 F04F 002E       MOV              R0, #0x2E   ;.
   97 00000078 F7FF FFFE       BL               ST7735_OutChar



ARM Macro Assembler    Page 3 


   98 0000007C F04F 002A       MOV              R0, #0x2A   ;*
   99 00000080 F7FF FFFE       BL               ST7735_OutChar
  100 00000084 F04F 002A       MOV              R0, #0x2A   ;*
  101 00000088 F7FF FFFE       BL               ST7735_OutChar
  102 0000008C F04F 002A       MOV              R0, #0x2A   ;*
  103 00000090 F7FF FFFE       BL               ST7735_OutChar
  104 00000094 E020            B                done
  105 00000096         ;else turn number into floating point number
  106 00000096         Valid_Num
  107 00000096 9900            LDR              R1, [SP,#num]
  108 00000098 9B01            LDR              R3, [SP, #div]
  109 0000009A FBB1 F0F3       UDIV             R0, R1, R3
  110 0000009E F100 0030       ADD              R0, #0x30   ;convert to ASCII v
                                                            alue
  111 000000A2 F7FF FFFE       BL               ST7735_OutChar
  112 000000A6 F04F 002E       MOV              R0, #0x2E   ;.
  113 000000AA F7FF FFFE       BL               ST7735_OutChar
  114 000000AE         OUT_FIX
  115 000000AE 9900            LDR              R1, [SP, #num]
  116 000000B0 9B01            LDR              R3, [SP, #div]
  117 000000B2 FBB1 F0F3       UDIV             R0, R1, R3
  118 000000B6 FB00 F203       MUL              R2, R0, R3
  119 000000BA EBA1 0102       SUB              R1, R1, R2  ;R1 contains remain
                                                            der
  120 000000BE 9100            STR              R1, [SP, #num] ;This line isn't
                                                             very necessary
  121 000000C0 FBB3 F3FC       UDIV             R3, R12
  122 000000C4 9301            STR              R3, [SP, #div]
  123 000000C6 FBB1 F0F3       UDIV             R0, R1, R3
  124 000000CA F100 0030       ADD              R0, #0x30
  125 000000CE F7FF FFFE       BL               ST7735_OutChar
  126 000000D2 9B01            LDR              R3, [SP, #div]
  127 000000D4 2B01            CMP              R3, #1
  128 000000D6 D8EA            BHI              OUT_FIX
  129 000000D8         done
  130 000000D8 F8DD E008       LDR              LR, [SP, #link]
  131 000000DC B002            ADD              SP, #8      ;deallocate
  132 000000DE 4770            BX               LR
  133 000000E0         
  134 000000E0                 ALIGN
  135 000000E0         ;* * * * * * * * End of LCD_OutFix * * * * * * * *
  136 000000E0         
  137 000000E0                 ALIGN                        ; make sure the end
                                                             of this section is
                                                             aligned
  138 000000E0                 END                          ; end of file
Command Line: --debug --xref --cpu=Cortex-M4 --apcs=interwork --depend=.\print.
d -o.\print.o -IC:\Keil\ARM\RV31\INC -IC:\Keil\ARM\CMSIS\Include -IC:\Keil\ARM\
Inc\Luminary --predefine="__RTX SETA 1" --list=.\print.lst Print.s



ARM Macro Assembler    Page 1 Alphabetic symbol ordering
Relocatable symbols

.text 00000000

Symbol: .text
   Definitions
      At line 24 in file Print.s
   Uses
      None
Comment: .text unused
LCD_OutDec 00000000

Symbol: LCD_OutDec
   Definitions
      At line 34 in file Print.s
   Uses
      At line 15 in file Print.s
Comment: LCD_OutDec used once
LCD_OutFix 00000052

Symbol: LCD_OutFix
   Definitions
      At line 83 in file Print.s
   Uses
      At line 16 in file Print.s
Comment: LCD_OutFix used once
OUT_DEC 0000003A

Symbol: OUT_DEC
   Definitions
      At line 60 in file Print.s
   Uses
      At line 65 in file Print.s
Comment: OUT_DEC used once
OUT_FIX 000000AE

Symbol: OUT_FIX
   Definitions
      At line 114 in file Print.s
   Uses
      At line 128 in file Print.s
Comment: OUT_FIX used once
Valid_Num 00000096

Symbol: Valid_Num
   Definitions
      At line 106 in file Print.s
   Uses
      At line 93 in file Print.s
Comment: Valid_Num used once
done 000000D8

Symbol: done
   Definitions
      At line 129 in file Print.s
   Uses
      At line 104 in file Print.s
Comment: done used once
loop 00000018

Symbol: loop



ARM Macro Assembler    Page 2 Alphabetic symbol ordering
Relocatable symbols

   Definitions
      At line 49 in file Print.s
   Uses
      At line 58 in file Print.s
Comment: loop used once
8 symbols



ARM Macro Assembler    Page 1 Alphabetic symbol ordering
Absolute symbols

cnt 00000008

Symbol: cnt
   Definitions
      At line 21 in file Print.s
   Uses
      At line 41 in file Print.s
      At line 50 in file Print.s
      At line 56 in file Print.s
      At line 59 in file Print.s

div 00000004

Symbol: div
   Definitions
      At line 20 in file Print.s
   Uses
      At line 43 in file Print.s
      At line 46 in file Print.s
      At line 87 in file Print.s
      At line 108 in file Print.s
      At line 116 in file Print.s
      At line 122 in file Print.s
      At line 126 in file Print.s

link 00000008

Symbol: link
   Definitions
      At line 22 in file Print.s
   Uses
      At line 89 in file Print.s
      At line 130 in file Print.s

num 00000000

Symbol: num
   Definitions
      At line 19 in file Print.s
   Uses
      At line 39 in file Print.s
      At line 45 in file Print.s
      At line 85 in file Print.s
      At line 107 in file Print.s
      At line 115 in file Print.s
      At line 120 in file Print.s

4 symbols



ARM Macro Assembler    Page 1 Alphabetic symbol ordering
External symbols

ST7735_OutChar 00000000

Symbol: ST7735_OutChar
   Definitions
      At line 12 in file Print.s
   Uses
      At line 63 in file Print.s
      At line 95 in file Print.s
      At line 97 in file Print.s
      At line 99 in file Print.s
      At line 101 in file Print.s
      At line 103 in file Print.s
      At line 111 in file Print.s
      At line 113 in file Print.s
      At line 125 in file Print.s

ST7735_OutString 00000000

Symbol: ST7735_OutString
   Definitions
      At line 13 in file Print.s
   Uses
      None
Comment: ST7735_OutString unused
2 symbols
345 symbols in table
